{
  "numFailedTestSuites": 0,
  "numFailedTests": 1,
  "numPassedTestSuites": 2,
  "numPassedTests": 4,
  "numPendingTestSuites": 0,
  "numPendingTests": 0,
  "numRuntimeErrorTestSuites": 0,
  "numTotalTestSuites": 2,
  "numTotalTests": 5,
  "testResults": [
    {
      "testFilePath": "src/math.test.js",
      "testResults": [
        {
          "ancestorTitles": ["group-1", "feature9"],
          "title": "should add two numbers correctly rrr",
          "status": "passed"
        }
      ]
    }
  ]
}
